[debug] [2020-05-07T12:05:09.902Z] ----------------------------------------------------------------------
[debug] [2020-05-07T12:05:09.902Z] Command:       C:\Program Files\nodejs\node.exe C:\Users\karol\AppData\Roaming\npm\node_modules\firebase-tools\lib\bin\firebase.js init
[debug] [2020-05-07T12:05:09.910Z] CLI Version:   8.2.0
[debug] [2020-05-07T12:05:09.910Z] Platform:      win32
[debug] [2020-05-07T12:05:09.910Z] Node Version:  v12.14.0
[debug] [2020-05-07T12:05:09.913Z] Time:          Thu May 07 2020 14:05:09 GMT+0200 (Central European Summer Time)
[debug] [2020-05-07T12:05:09.917Z] ----------------------------------------------------------------------
[debug] [2020-05-07T12:05:09.917Z] 
[debug] [2020-05-07T12:05:09.937Z] > command requires scopes: ["email","openid","https://www.googleapis.com/auth/cloudplatformprojects.readonly","https://www.googleapis.com/auth/firebase","https://www.googleapis.com/auth/cloud-platform"]
[debug] [2020-05-07T12:05:09.937Z] > authorizing via signed-in user
[info] 
     ######## #### ########  ######## ########     ###     ######  ########
     ##        ##  ##     ## ##       ##     ##  ##   ##  ##       ##
     ######    ##  ########  ######   ########  #########  ######  ######
     ##        ##  ##    ##  ##       ##     ## ##     ##       ## ##
     ##       #### ##     ## ######## ########  ##     ##  ######  ########

You're about to initialize a Firebase project in this directory:

  C:\Users\karol\OneDrive\Pulpit\studia\sem4\projekt indywidualny\projekt_angular\myDropbox

Before we get started, keep in mind:

  * You are initializing in an existing Firebase project directory

